         w __deregister_frame_info
         w __register_frame_info
         w userAppExit
         w userAppInit
00000000 00000802 B __ctru_dev_utf16_buf
00000000 A __sync_synchronize
00000000 b _TLS_MODULE_BASE_
00000000 a shift
00000000 a shift
00000804 00000401 B __ctru_dev_path_buf
00100000 A __start__
00100000 T _start
00100008 T __service_ptr
0010000c T __apt_appid
00100010 T __heap_size
00100014 T __linear_heap_size
00100018 T __system_arglist
0010001c T __system_runflags
00100020 t startup
00100058 t ClearMem
0010006c t ClrLoop
00100094 T _init
001000ac t .udivsi3_skip_div0_test
001000ac T __aeabi_uidiv
001000ac 000001ec T __udivsi3
00100298 00000020 T __aeabi_uidivmod
001002b8 T __aeabi_idiv
001002b8 00000220 T __divsi3
001002c0 t .divsi3_skip_div0_test
001004d8 00000020 T __aeabi_idivmod
001004f8 00000004 W __aeabi_idiv0
001004f8 00000004 W __aeabi_ldiv0
001004fc T __aeabi_drsub
00100504 000002b0 T __aeabi_dsub
00100504 000002b0 T __subdf3
00100508 000002ac T __adddf3
00100508 000002ac T __aeabi_dadd
001007b4 00000024 T __aeabi_ui2d
001007b4 00000024 T __floatunsidf
001007d8 00000028 T __aeabi_i2d
001007d8 00000028 T __floatsidf
00100800 00000048 T __aeabi_f2d
00100800 00000048 T __extendsfdf2
00100848 00000074 T __aeabi_ul2d
00100848 00000074 T __floatundidf
0010085c 00000060 T __aeabi_l2d
0010085c 00000060 T __floatdidf
001008bc T __aeabi_ldivmod
00100990 T __aeabi_uldivmod
001009e8 00000390 T strcmp
00100d70 t __do_global_dtors_aux
00100db0 t frame_dummy
00100ddc 00000118 T initSprite
00100ef4 000000ac T makeRock
00100fa0 000001a8 T rockIdel
00101148 0000023c T main
00101384 00000044 t C2Di_FrameEndHook
001013c8 0000036c T C2D_Init
00101734 0000004c T C2D_Fini
00101780 000000b8 T C2D_Prepare
00101838 00000048 T C2D_Flush
00101880 00000104 T C2D_SceneSize
00101984 00000058 T C2D_CreateScreenTarget
001019dc 00000064 T C2D_TargetClear
00101a40 0000013c T C2Di_CalcQuad
00101b7c 00000058 T C2Di_AppendQuad
00101bd4 00000550 T C2Di_Update
00102124 000002b0 T C2D_DrawImage
001023d4 0000006c T C2D_SpriteSheetLoadFromHandle
00102440 00000048 T C2D_SpriteSheetLoad
00102488 00000028 T C2D_SpriteSheetFree
001024b0 0000002c T C2D_SpriteSheetGetImage
001024dc 00000028 T AttrInfo_Init
00102504 00000094 T AttrInfo_AddLoader
00102598 00000054 T C3D_SetAttrInfo
001025ec 00000080 T C3Di_AttrInfoBind
0010266c 00000004 W C3Di_LightEnvUpdate
00102670 00000004 W C3Di_LightEnvDirty
00102674 000000b4 t C3Di_AptEventHook
00102728 00000004 W C3Di_GasUpdate
0010272c 000001d0 T C3D_Init
001028fc 00000098 T C3D_SetViewport
00102994 000004e8 T C3Di_UpdateContext
00102e7c 000000e0 T C3Di_SplitFrame
00102f5c 00000044 T C3D_Fini
00102fa0 00000194 T C3D_BindProgram
00103134 00000024 T BufInfo_Init
00103158 00000080 T BufInfo_Add
001031d8 0000003c T C3D_SetBufInfo
00103214 00000048 T C3Di_BufInfoBind
0010325c 0000021c T C3D_DrawElements
00103478 00000040 T C3D_DepthMap
001034b8 0000001c T C3D_CullFace
001034d4 00000040 T C3D_StencilTest
00103514 00000024 T C3D_StencilOp
00103538 0000001c T C3D_BlendingColor
00103554 00000024 T C3D_EarlyDepthTest
00103578 0000002c T C3D_DepthTest
001035a4 0000002c T C3D_AlphaTest
001035d0 00000050 T C3D_AlphaBlend
00103620 00000030 T C3D_FragOpMode
00103650 00000044 T C3D_FragOpShadow
00103694 000001ac T C3Di_EffectBind
00103840 0000001c T C3D_CalcColorBufSize
0010385c 0000001c T C3D_CalcDepthBufSize
00103878 00000044 T C3D_SetFrameBuf
001038bc 0000016c T C3Di_FrameBufBind
00103a28 000000c8 T C3D_FrameBufClear
00103af0 00000044 T C3D_FrameBufTransfer
00103b34 000000a8 T C3D_ImmSendAttrib
00103bdc 00000070 T C3D_ProcTexInit
00103c4c 00000054 T C3D_ProcTexBind
00103ca0 0000005c T C3D_ProcTexLutBind
00103cfc 000000a4 T ProcTexLut_FromArray
00103da0 00000178 T C3Di_ProcTexUpdate
00103f18 00000068 T C3Di_ProcTexDirty
00103f80 0000004c t onVBlank0
00103fcc 0000004c t onVBlank1
00104018 00000080 t C3Di_RenderTargetDestroy
00104098 000000f4 t onQueueFinish
0010418c 00000038 T C3Di_RenderQueueEnableVBlank
001041c4 00000030 T C3Di_RenderQueueDisableVBlank
001041f4 00000060 T C3Di_RenderQueueInit
00104254 000000b4 T C3Di_RenderQueueExit
00104308 00000034 T C3Di_RenderQueueWaitDone
0010433c 000000e8 T C3D_FrameBegin
00104424 00000048 T C3D_FrameDrawOn
0010446c 00000058 T C3D_FrameSplit
001044c4 000001d0 T C3D_FrameEnd
00104694 0000001c T C3D_FrameEndHook
001046b0 00000170 T C3D_RenderTargetCreate
00104820 000000a8 T C3D_RenderTargetSetOutput
001048c8 000000fc T C3D_SyncTextureCopy
001049c4 000003d8 t Tex3DSi_ImportCommon
00104d9c 00000038 T Tex3DS_TextureImportStdio
00104dd4 0000001c T Tex3DS_GetSubTexture
00104df0 00000004 T Tex3DS_TextureFree
00104df4 00000034 T C3D_GetTexEnv
00104e28 00000024 T C3Di_TexEnvBind
00104e4c 00000290 T C3D_TexInitWithParams
001050dc 000000c8 T C3D_TexLoadImage
001051a4 00000044 T C3D_TexBind
001051e8 00000074 T C3D_TexDelete
0010525c 0000014c T C3Di_SetTex
001053a8 00000290 T C3D_UpdateUniforms
00105638 000000c0 T C3Di_DirtyUniforms
001056f8 000000d8 T C3Di_LoadShaderUniforms
001057d0 00000028 T C3Di_ClearShaderUniforms
001057f8 000000cc T Mtx_Ortho
001058c4 000000cc T Mtx_OrthoTilt
00105990 00000024 t addrMapNodeComparator(rbtree_node const*, rbtree_node const*)
001059b4 00000004 t addrMapNodeDestructor(rbtree_node*)
001059b8 00000120 T linearMemAlign
00105ad8 00000008 T linearAlloc
00105ae0 0000005c T linearFree
00105b3c 00000084 T MemPool::CoalesceRight(MemBlock*)
00105bc0 00000150 T MemPool::Allocate(MemChunk&, unsigned long, int)
00105d10 000000fc T MemPool::Deallocate(MemChunk const&)
00105e0c 00000030 T MemPool::GetFreeSpace()
00105e3c 00000024 t addrMapNodeComparator(rbtree_node const*, rbtree_node const*)
00105e60 00000004 t addrMapNodeDestructor(rbtree_node*)
00105e64 00000244 T vramMemAlignAt
001060a8 0000000c T vramAlloc
001060b4 0000000c T vramAllocAt
001060c0 00000090 T vramFree
00106150 0000045c t consoleHandleColorEsc
001065ac 000000b8 t consoleColorStateShift
00106664 000001ac T consoleDrawChar
00106810 0000011c T consolePrintChar
0010692c 000005ec T con_write
00106f18 00000124 t newRow
0010703c 0000018c T consoleInit
001071c8 000000b8 T consoleClear
00107280 000000d0 t gfxPresentFramebuffer
00107350 0000001c T gfxIsWide
0010736c 000000ec T gfxSetScreenFormat
00107458 00000010 T gfxSetDoubleBuffering
00107468 000000d8 T gfxInit
00107540 00000010 T gfxInitDefault
00107550 000000b4 T gfxExit
00107604 000000a0 T gfxGetFramebuffer
001076a4 00000100 T gfxFlushBuffers
001077a4 00000030 T gfxScreenSwapBuffers
001077d4 00000050 T gfxSwapBuffersGpu
00107824 00000074 T osConvertVirtToPhys
00107898 00000054 T osGetTimeRef
001078ec 000000ec T osGetTime
001079d8 00000034 T __ctru_speedup_config
00107a0c 00000008 t romfs_close
00107a14 000000c4 t romfs_seek
00107ad8 00000024 t romfs_dirreset
00107afc 000000c8 t fill_dir
00107bc4 000002a8 t romfs_dirnext
00107e6c 00000074 t romfs_free
00107ee0 000000d4 t searchForFile.constprop.0
00107fb4 000000d8 t searchForDir.constprop.0
0010808c 000001c0 t navigateToDir.constprop.0
0010824c 0000010c t romfs_open
00108358 0000004c t romfs_chdir
001083a4 00000070 t romfs_diropen
00108414 00000174 t romfs_stat
00108588 00000008 t romfs_dirclose
00108590 00000084 t romfs_fstat
00108614 000000d0 t romfs_read
001086e4 0000028c T romfsMountFromFile
00108970 00000098 T romfsMountFromCurrentProcess
00108a08 00000260 T romfsMountSelf
00108c68 000000a4 T romfsUnmount
00108d0c 0000013c T GPUCMD_Add
00108e48 000000b0 T GPUCMD_Split
00108ef8 00000034 T f32tof16
00108f2c 00000034 T f32tof24
00108f60 00000038 T f32tof31
00108f98 00000010 T GX_BindQueue
00108fa8 00000078 T GX_ProcessCommandList
00109020 00000074 T GX_MemoryFill
00109094 00000070 T GX_DisplayTransfer
00109104 00000074 T GX_TextureCopy
00109178 00000068 t gxCmdQueueDoCommands.part.0
001091e0 000000c8 T gxCmdQueueInterrupt
001092a8 0000004c T gxCmdQueueClear
001092f4 000000f8 T gxCmdQueueAdd
001093ec 00000080 T gxCmdQueueRun
0010946c 00000060 T gxCmdQueueStop
001094cc 0000008c T gxCmdQueueWait
00109558 000001d0 T shaderInstanceInit
00109728 00000018 T shaderInstanceGetUniformLocation
00109740 0000001c T shaderProgramInit
0010975c 00000064 T shaderProgramFree
001097c0 00000080 T shaderProgramSetVsh
00109840 000008d0 T shaderProgramConfigure
0010a110 000001dc t DVLE_GenerateOutmap.part.0
0010a2ec 000001b0 T DVLB_ParseFile
0010a49c 00000038 T DVLB_Free
0010a4d4 00000074 T DVLE_GetUniformRegister
0010a548 000001b0 t aptConvertScreenForCapture
0010a6f8 00000008 W aptDspSleep
0010a700 00000004 W aptDspWakeup
0010a704 00000004 W aptDspCancel
0010a708 00000158 T aptSendCommand
0010a860 00000044 t aptExitProcess
0010a8a4 00000380 T aptExit
0010ac24 000000d8 T aptHandleSleep
0010acfc 00000030 T aptHook
0010ad2c 00000030 T aptUnhook
0010ad5c 00000084 T APT_SleepIfShellClosed
0010ade0 00000078 T aptSetSleepAllowed
0010ae58 00000084 T APT_UnlockTransition
0010aee0 00000478 t aptEventHandler
0010b358 000000b0 T APT_ReceiveParameter
0010b408 000000ac t aptReceiveParameter.constprop.0
0010b4b8 00000294 t aptScreenTransfer
0010b74c 000002c8 t aptWaitForWakeUp.isra.0
0010ba14 000000f4 T aptJumpToHomeMenu
0010bb08 00000048 T aptMainLoop
0010bb50 0000022c T aptInit
0010bd7c 0000007c T APT_CheckNew3DS
0010bdf8 000000d0 T fsInit
0010bec8 0000003c T fsExit
0010bf04 00000060 T fsExemptFromSession
0010bf64 00000050 T fsUnexemptFromSession
0010bfb4 000000cc T FSUSER_OpenFile
0010c080 000000d4 T FSUSER_OpenFileDirectly
0010c154 000000bc T FSUSER_DeleteFile
0010c210 000000f8 T FSUSER_RenameFile
0010c308 000000bc T FSUSER_DeleteDirectory
0010c3c4 000000d4 T FSUSER_CreateFile
0010c498 000000c4 T FSUSER_CreateDirectory
0010c55c 000000f8 T FSUSER_RenameDirectory
0010c654 000000b4 T FSUSER_OpenDirectory
0010c708 00000094 T FSUSER_OpenArchive
0010c79c 0000008c T FSUSER_CloseArchive
0010c828 00000074 T FSUSER_GetSdmcArchiveResource
0010c89c 00000064 T FSUSER_IsSdmcWritable
0010c900 00000058 T FSFILE_Read
0010c958 00000060 T FSFILE_Write
0010c9b8 00000038 T FSFILE_GetSize
0010c9f0 00000028 T FSFILE_SetSize
0010ca18 0000003c T FSFILE_Close
0010ca54 00000024 T FSFILE_Flush
0010ca78 00000050 T FSDIR_Read
0010cac8 0000003c T FSDIR_Close
0010cb04 00000c70 t gspHardwareInit
0010d774 00000248 T gspInit
0010d9bc 000000e4 T gspExit
0010daa0 00000010 T gspHasGpuRight
0010dab0 000000a0 T gspPresentBuffer
0010db50 00000030 T gspSetEventCallback
0010db80 00000044 T gspWaitForEvent
0010dbc4 0000004c T gspWaitForAnyEvent
0010dc10 00000160 t gspEventThreadMain
0010dd70 00000130 T gspSubmitGxCommand
0010dea0 00000050 T GSPGPU_FlushDataCache
0010def0 00000034 T GSPGPU_SetLcdForceBlack
0010df24 00000068 T GSPGPU_AcquireRight
0010df8c 00000048 T GSPGPU_ReleaseRight
0010dfd4 0000007c T GSPGPU_ImportDisplayCaptureInfo
0010e050 0000002c T GSPGPU_SaveVramSysArea
0010e07c 0000002c T GSPGPU_RestoreVramSysArea
0010e0a8 00000024 W hidShouldUseIrrst
0010e0cc 0000018c T hidInit
0010e258 000000e8 T hidExit
0010e340 000002a4 T hidScanInput
0010e5e4 00000010 T hidKeysDown
0010e5f4 00000018 T hidTouchRead
0010e60c 00000160 T irrstInit
0010e76c 000000cc T irrstExit
0010e838 000000b4 T irrstScanInput
0010e8ec 00000024 T irrstKeysHeld
0010e910 00000074 T ptmSysmInit
0010e984 0000003c T ptmSysmExit
0010e9c0 00000034 T PTMSYSM_ConfigureNew3DSCPU
0010e9f4 000000e0 t buffer_read
0010ead4 000000cc t iov_read
0010eba0 00000148 t iov_memmove
0010ece8 000001dc t decompress_rle
0010eec4 0000026c t decompress_lzss
0010f130 0000042c t decompress_lz11
0010f55c 0000036c t decompress_huff
0010f8c8 00000010 T decompressCallback_Stdio
0010f8d8 000000e4 T decompressHeader
0010f9bc 00000200 T decompressV
0010fbbc 00000074 T rbtree_find
0010fc30 00000010 T rbtree_init
0010fc40 0000019c t do_insert
0010fddc 00000008 T rbtree_insert
0010fde4 00000310 T rbtree_remove
001100f4 00000090 T rbtree_rotate
00110184 000000e8 T utf16_to_utf8
0011026c 000000c0 T utf8_to_utf16
00110330 000001e0 W __system_allocateHeaps
00110510 00000038 W __libctru_init
00110548 00000160 W __system_initArgv
001106a8 00000030 T __syscall_getreent
001106d8 00000064 T __syscall_gettod_r
0011073c 00000004 T __syscall_lock_acquire
00110740 00000004 T __syscall_lock_release
00110744 00000004 T __syscall_lock_acquire_recursive
00110748 00000004 T __syscall_lock_release_recursive
0011074c 00000004 T __syscall_exit
00110750 00000050 T initThreadVars
001107a0 00000080 T __system_initSyscalls
00110820 T svcControlMemory
00110840 T svcQueryMemory
00110870 T svcExitProcess
00110878 T svcCreateThread
00110898 T svcExitThread
001108a0 T svcSleepThread
001108a8 T svcReleaseMutex
001108b0 T svcCreateEvent
001108c4 T svcSignalEvent
001108cc T svcClearEvent
001108d4 T svcMapMemoryBlock
001108dc T svcUnmapMemoryBlock
001108e4 T svcCreateAddressArbiter
001108f8 T svcArbitrateAddressNoTimeout
00110900 T svcCloseHandle
00110908 T svcWaitSynchronization
00110910 T svcWaitSynchronizationN
00110938 T svcDuplicateHandle
0011094c T svcGetSystemTick
00110954 T svcConnectToPort
00110968 T svcSendSyncRequest
00110970 T svcGetResourceLimit
00110984 T svcGetResourceLimitLimitValues
0011098c T svcGetResourceLimitCurrentValues
00110994 T svcBreak
0011099c T __aeabi_read_tp
001109a8 W initSystem
001109f8 W __ctru_exit
00110a0c 00000084 W envGetHandle
00110a90 00000050 W envDestroyHandles
00110ae0 0000012c T srvInit
00110c0c 00000058 T srvExit
00110c64 00000060 T srvEnableNotification
00110cc4 000000a0 T srvGetServiceHandleDirect
00110d64 00000038 T srvGetServiceHandle
00110d9c 00000034 T srvSubscribe
00110dd0 00000060 T srvReceiveNotification
00110e30 00000038 T srvPublishToSubscriber
00110e68 0000000c T __sync_init
00110e74 00000018 T __sync_fini
00110e8c 0000002c T syncArbitrateAddress
00110eb8 000000b0 T LightLock_Lock
00110f68 00000040 T LightLock_Unlock
00110fa8 00000030 T RecursiveLock_Lock
00110fd8 00000054 T RecursiveLock_Unlock
0011102c 00000040 T LightEvent_Init
0011106c 000000a4 T LightEvent_Clear
00111110 000000c8 T LightEvent_Signal
001111d8 00000050 T LightEvent_TryWait
00111228 000000a0 T LightEvent_Wait
001112c8 000001d4 T threadCreate
0011149c 0000002c T threadFree
001114c8 00000024 T threadJoin
001114ec 00000030 T threadGetCurrent
0011151c 00000040 T threadExit
0011155c 00000020 t _thread_begin
0011157c 00000090 t mappableFindAddressWithin
0011160c 00000028 T mappableInit
00111634 00000080 T mappableAlloc
001116b4 00000004 T mappableFree
001116b8 0000000c T srvPmGetSessionHandle
001116c4 0000005c T rbtree_node_next
00111720 00000064 T decode_utf16
00111784 0000013c T decode_utf8
001118c0 00000054 T encode_utf16
00111914 000000e0 T encode_utf8
001119f4 00000030 W __appExit
00111a24 00000030 W __appInit
00111a54 00000090 W __libctru_exit
00111ae4 00000014 t archive_link
00111af8 00000014 t archive_dirreset
00111b0c 00000014 t archive_chmod
00111b20 00000024 t error_cmp
00111b44 00000050 t archive_translate_error
00111b94 000000c4 t archive_seek
00111c58 00000078 t _archiveInit.part.0
00111cd0 000000c4 t archiveFindDevice.part.0
00111d94 00000290 t archive_utf16path
00112024 0000009c t _archiveUnmountDeviceStruct.part.0
001120c0 00000014 t archive_statvfs
001120d4 00000014 t archive_fchmod
001120e8 00000168 t _archiveMountDevice
00112250 000000e8 t archive_diropen
00112338 000000a4 t archive_fstat
001123dc 0000006c t archive_fsync
00112448 0000006c t archive_close
001124b4 00000070 t archive_dirclose
00112524 000000e4 t sdmc_statvfs
00112608 000000ec t archive_chdir
001126f4 0000007c t archive_ftruncate
00112770 000000ac t archive_read
0011281c 000000a4 t archive_unlink
001128c0 000000bc t archive_rmdir
0011297c 000000dc t archive_mkdir
00112a58 00000194 t archive_stat
00112bec 0000015c t archive_dirnext
00112d48 00000124 t archive_write
00112e70 00000210 t archive_open
00113080 00000268 t archive_rename
001132e8 0000019c T archiveMountSdmc
00113484 00000054 T archiveUnmountAll
001134d8 0000025c T sinf
00113734 00000024 t with_errnof
00113758 0000001c T __math_invalidf
00113778 0000021c T cosf
00113994 00000120 T __udivmoddi4
00113ab4 000000d8 T strncmp
00113b8c 00000130 T strchr
00113cbc 0000001c T srand
00113cd8 00000044 T rand
00113d1c 0000005c T strlen
00113d78 00000160 T memmove
00113ed8 000000d4 T memcmp
00113fac 000001e4 t _strtoul_l.isra.0
00114190 00000034 T strtoul
001141c4 000000e4 T strncat
001142a8 00000078 T bsearch
00114320 00000344 T _fread_r
00114664 00000038 T fread
0011469c 00000020 T calloc
001146bc 00000038 t lflush
001146f4 0000019c T __srefill_r
00114890 00000148 T _fclose_r
001149d8 00000018 T fclose
001149f0 000000c0 T _calloc_r
00114ab0 00000144 T __smakebuf_r
00114bf4 0000008c T __swhatbuf_r
00114c80 00000020 T memalign
00114ca0 0000001c t stdio_exit_handler
00114cbc 0000005c t cleanup_stdio
00114d18 00000154 t global_stdio_init.part.0
00114e6c 00000134 T __sfp
00114fa0 0000005c T __sinit
00114ffc 0000000c T __sfp_lock_acquire
00115008 0000000c T __sfp_lock_release
00115014 000007e8 T _malloc_r
001157fc 000000f8 T _malloc_trim_r
001158f4 00000300 T _free_r
00115bf4 00000294 T setvbuf
00115e88 0000004c T strnlen
00115ed4 0000000c T __errno
00115ee0 00000034 T malloc
00115f14 00000018 T free
00115f2c 00000130 T memcpy
0011605c 00000034 T printf
00116090 00000134 T _fopen_r
001161c4 00000020 T fopen
001161e4 0000004c T time
00116230 000000e8 T memset
00116318 00000070 T _fwalk_sglue
00116388 0000000c T __malloc_lock
00116394 0000000c T __malloc_unlock
001163a0 00000004 W __call_exitprocs
001163a4 00000030 T exit
001163d4 0000001c T _fseek_r
001163f0 000000c4 T strncpy
001164b4 000000b4 T __sflags
00116568 00000084 T __libc_init_array
001165ec 00000228 T __sflush_r
00116814 00000094 T _fflush_r
001168a8 00000150 T _memalign_r
001169f8 0000003c T __libc_fini_array
00116a34 0000058c T _fseeko_r
00116fc0 00000044 T __sread
00117004 00000068 T __swrite
0011706c 00000040 T __sseek
001170ac 00000008 T __sclose
001170b4 000005e4 t get_arg
00117698 0000342c T _vfprintf_r
0011aac4 000000b8 t __sbprintf
0011ab7c 000001b4 t quorem
0011ad30 00001370 T _dtoa_r
0011c0a0 000000a0 T _wcrtomb_r
0011c140 00000028 T _wcsrtombs_r
0011c168 00000194 T __swsetup_r
0011c300 00000088 T frexp
0011c388 0000005c T __assert_func
0011c3e4 00000088 T _Balloc
0011c46c 0000001c T _Bfree
0011c488 000000f4 T __multadd
0011c57c 00000080 T __hi0bits
0011c5fc 000000f4 T __lo0bits
0011c6f0 000000a4 T __i2b
0011c794 00000208 T __multiply
0011c99c 00000130 T __pow5mult
0011cacc 00000138 T __lshift
0011cc04 00000058 T __mcmp
0011cc5c 000001f0 T __mdiff
0011ce4c 00000120 T __d2b
0011cf6c 00000024 T __locale_mb_cur_max
0011cf90 0000003c T fiprintf
0011cfcc 000000e0 T memchr
0011d0ac 00000160 T _wcsnrtombs_l
0011d20c 00000064 T _wcsnrtombs_r
0011d270 00000324 T __utf8_mbtowc
0011d594 00000030 T __sprint_r
0011d5c4 00000014 T abort
0011d5d8 00000024 T _localeconv_r
0011d5fc 000000f0 T __utf8_wctomb
0011d6ec 00000090 T _raise_r
0011d77c 00000018 T raise
0011d794 00000480 T __sfvwrite_r
0011dc14 000005e4 t get_arg
0011e1f8 00002264 T _vfiprintf_r
0012045c 000000b8 t __sbprintf
00120514 000004a4 T _realloc_r
001209b8 00000020 T _exit
001209d8 0000013c T chdir
00120b14 000001cc T _concatenate_path
00120ce0 00000088 T _fstat_r
00120d68 00000014 T _getpid_r
00120d7c 0000002c T __getreent
00120da8 00000030 T _gettimeofday_r
00120dd8 0000008c T __release_handle
00120e64 000000b0 T __alloc_handle
00120f14 0000003c T __get_handle
00120f50 000000f4 T _close_r
00121044 00000008 t null_write
0012104c 00000018 T setDefaultDevice
00121064 000000c8 T FindDevice
0012112c 00000028 T RemoveDevice
00121154 00000098 T AddDevice
001211ec 00000020 T GetDeviceOpTab
0012120c 00000008 T _isatty_r
00121214 00000014 T _kill_r
00121228 0000008c T _lseek_r
001212b4 000000bc T _open_r
00121370 00000088 T _read_r
001213f8 00000078 W _sbrk_r
00121470 0000001c T __libc_lock_acquire
0012148c 0000001c T __libc_lock_release
001214a8 0000001c T __libc_lock_acquire_recursive
001214c4 0000001c T __libc_lock_release_recursive
001214e0 00000088 T _write_r
00121568 00000048 T strrchr
001215b0 T _fini
00122150 r .LC2
00122274 00000008 r s_defaultTint.0
0012227c R render2d_shbin
00122408 R render2d_shbin_end
00122408 R render2d_shbin_size
0012240c 00000004 r depthFmtSizes
00122410 00000005 r colorFmtSizes
00122418 00000010 r CSWTCH.11
00122428 00000038 r CSWTCH.19
00122518 00000080 r dotab_stdout
00122598 00000018 r grayScale
001225b0 00000006 r colorCube
001225b8 00000030 r colorTable
001225e8 00000080 r romFS_devoptab
00122690 00000008 r morton_y.2
00122698 00000008 r morton_x.3
001226a0 00000008 r s_sleepWakeEvents.4
001226cc R default_font_bin
00122ecc R default_font_bin_end
00122ecc 00000030 r error_table
00122efc 00000080 r archive_devoptab
00122f7c 00000060 R __inv_pio4
00122fe0 000000e0 R __sincosf_table
001230c0 00000101 R _ctype_
001232e8 00000010 r zeroes.0
001232f8 00000010 r blanks.1
00123310 0000006c R __action_table
0012337c 0000006c R __state_table
001233e8 00000100 R __chclass
001234e8 0000000c r p05.0
001234f8 00000028 R __mprec_bigtens
00123520 000000c8 R __mprec_tens
001236d4 00000010 r zeroes.0
001236e4 00000010 r blanks.1
001236f4 00000080 R dotab_stdnull
00123774 R __tdata_align
00123778 r __EH_FRAME_BEGIN__
00123778 R __exidx_end
00123778 R __exidx_start
00124000 00000008 d framerateCounter
00124008 00000004 d framerate
0012400c 00000001 d firstConsoleInit.0
00124010 00000004 D currentConsole
00124014 00000048 D defaultConsole
0012405c 00000004 d queueLock
00124060 00000004 d aptChainloadDeliverArgSize
00124064 00000004 d kCount
00124068 00000004 d kInterval
0012406c 00000004 d kDelay
00124070 W __stacksize__
00124074 00000004 D _impure_ptr
00124078 00000120 D _impure_data
00124198 0000000c D __sglue
001241a4 00000004 D __malloc_sbrk_base
001241a8 00000004 D __malloc_trim_threshold
001241b0 00000408 D __malloc_av_
001245b8 0000016c D __global_locale
00124724 00000400 d _current_working_directory
00124b28 00001000 d handles
00125b28 0000000c d __stderr_handle
00125b34 0000000c d __stdout_handle
00125b40 0000000c d __stdin_handle
00125b4c 0000008c D devoptab_list
00125bd8 00000004 d defaultDevice
00125be4 d _GLOBAL_OFFSET_TABLE_
00125bf0 d __frame_dummy_init_array_entry
00125bf0 D __init_array_start
00125bf0 B __preinit_array_end
00125bf0 B __preinit_array_start
00125bf0 D __tdata_lma
00125bf0 D __tdata_lma_end
00125bf4 d __do_global_dtors_aux_fini_array_entry
00125bf4 D __fini_array_start
00125bf4 D __init_array_end
00125bf8 D __bss_start__
00125bf8 D __fini_array_end
00125bf8 00000004 b gameImg
00125c00 00000028 b Player
00125c28 00000028 b Enemy
00125c50 00000004 b rocknum
00125c58 00000640 b rocks
00126298 b completed.1
0012629c b object.0
001262b8 000005a8 B __C2Di_Context
00126860 00000040 b s_projBot
001268a0 00000040 b s_projTop
001268e0 00000004 b uLoc_mdlvMtx
001268e4 00000004 b uLoc_projMtx
001268e8 0000000c b hookCookie
001268f8 000002d0 B __C3D_Context
00126bc8 00000004 b frameEndCbData
00126bcc 00000004 b frameEndCb
00126bd0 00000008 b frameCounter
00126bd8 00000001 b isTopStereo
00126bd9 00000001 b needSwapBot
00126bda 00000001 b needSwapTop
00126bdb 00000001 b measureGpuTime
00126bdc 00000001 b inSafeTransfer
00126bdd 00000001 b inFrame
00126be0 00000010 b cpuTime
00126bf0 00000010 b gpuTime
00126c00 0000000c b linkedTarget
00126c0c 00000004 b lastTarget
00126c10 00000004 b firstTarget
00126c14 00000008 b C3Di_IVUnifEverDirty
00126c1c 000000c0 b C3Di_FVUnifEverDirty
00126cdc 00000018 b C3Di_ShaderFVecData
00126cf4 00000002 B C3D_BoolUnifsDirty
00126cf8 00000008 B C3D_IVUnifDirty
00126d00 000000c0 B C3D_FVUnifDirty
00126dc0 00000004 B C3D_BoolUnifs
00126dc4 00000020 B C3D_IVUnif
00126de4 00000c00 B C3D_FVUnif
001279e8 00000008 b sLinearPool
001279f0 0000000c b sAddrMap
00127a00 00000008 b sVramPoolB
00127a08 00000008 b sVramPoolA
00127a10 0000000c b sAddrMap
00127a1c 0000001c b escapeSeq
00127a38 00000048 B currentCopy
00127a80 00000004 b screenAlloc
00127a84 00000004 b screenFree
00127a88 00000002 b gfxIsDoubleBuf
00127a8c 00000002 b gfxCurBuf
00127a8e 00000001 b gfxIsVram
00127a8f 00000001 b gfxTopMode
00127a90 00000002 b gfxFramebufferFormats
00127a94 00000004 b gfxBottomFramebufferMaxSize
00127a98 00000004 b gfxTopFramebufferMaxSize
00127aa0 00000008 b gfxBottomFramebuffers
00127aa8 00000008 b gfxTopFramebuffers
00127ab0 00000001 V __ctru_speedup
00127ab4 00000004 b romfs_mount_list
00127ab8 00000004 V __romfs_path
00127abc 00000004 B gpuCmdBufOffset
00127ac0 00000004 B gpuCmdBufSize
00127ac4 00000004 B gpuCmdBuf
00127ac8 00000004 b boundQueue
00127acc 00000001 b shouldStop
00127acd 00000001 b isRunning
00127ace 00000001 b isActive
00127ad0 00000004 b curQueue
00127ad4 00000001 b flagValue.0
00127ad5 00000001 b flagInit.1
00127ad8 00000004 b serviceName.6
00127adc 00000001 b aptChainloadFlags
00127add 00000001 b aptChainloadMediatype
00127ae0 00000020 b aptChainloadHmac
00127b00 00000300 b aptChainloadDeliverArg
00127e00 00000008 b aptChainloadTid
00127e08 00001000 b aptParameters
00128e08 00000004 b aptFlags
00128e0c 00000001 b aptHomeButtonState
00128e10 00000004 b aptMessageFuncData
00128e14 00000004 b aptMessageFunc
00128e18 0000000c b aptFirstHook
00128e24 00000001 b aptEventHandlerThreadQuit
00128e28 00000004 b aptEventHandlerThread
00128e2c 00000008 b aptSleepEvent
00128e34 00000008 b aptReceiveEvent
00128e3c 00000008 b aptEvents
00128e44 00000004 b aptLockHandle
00128e48 00000004 b aptRefCount
00128e50 00000080 b fsExemptArchives
00128ed0 00000004 b fsuRefCount
00128ed4 00000004 b fsuHandle
00128ed8 00000007 b gspEventCbOneShot
00128ee0 0000001c b gspEventCbData
00128efc 0000001c b gspEventCb
00128f18 00000038 b gspEvents
00128f50 00000004 b gspLastEvent
00128f54 00000001 b gspRunEvents
00128f58 00000004 b gspEventThread
00128f5c 00000004 b gspEvent
00128f60 00000001 b gspGpuRight
00128f61 00000001 b gspThreadId
00128f64 00000004 b gspSharedMem
00128f68 00000004 b gspSharedMemHandle
00128f6c 00000004 b gspRefCount
00128f70 00000004 b gspGpuHandle
00128f74 00000001 b usingIrrst
00128f78 00000004 b hidRefCount
00128f7c 00000006 b gRate
00128f84 00000006 b aVec
00128f8c 00000004 b cPos
00128f90 00000004 b tPos
00128f94 00000004 b kRepeat
00128f98 00000004 b kUp
00128f9c 00000004 b kDown
00128fa0 00000004 b kHeld
00128fa4 00000004 b kOld
00128fa8 00000004 B hidSharedMem
00128fac 00000014 B hidEvents
00128fc0 00000004 B hidMemHandle
00128fc4 00000004 B hidHandle
00128fc8 00000004 b irrstRefCount
00128fcc 00000004 b csPos
00128fd0 00000004 b kHeld
00128fd4 00000004 B irrstSharedMem
00128fd8 00000004 B irrstEvent
00128fdc 00000004 B irrstMemHandle
00128fe0 00000004 B irrstHandle
00128fe4 00000004 b ptmSysmRefCount
00128fe8 00000004 b ptmSysmHandle
00128fec 00000004 V __ctru_linear_heap_size
00128ff0 00000004 V __ctru_heap_size
00128ff4 00000004 B __ctru_linear_heap
00128ff8 00000004 B __ctru_heap
00128ffc 00000004 B __system_retAddr
00129000 00000004 B __system_argv
00129004 00000004 B __system_argc
00129008 b saved_stack
00129010 00000004 B __3dslink_host
00129014 00000004 b srvRefCount
00129018 00000004 b srvHandle
0012901c 00000004 b arbiter
00129020 00000004 b currentAddr
00129024 00000004 b maxAddr
00129028 00000004 b minAddr
0012902c 00000004 b srvPmHandle
00129030 000005c0 b archive_devices
001295f0 00000004 b archive_device_cwd
001295f4 00000001 b archive_initialized
001295f8 0000000c b __sfp_recursive_mutex
00129608 00000168 B __sf
00129770 00000004 B __stdio_exit_handler
00129774 00000028 B __malloc_current_mallinfo
0012979c 00000004 B __malloc_max_total_mem
001297a0 00000004 B __malloc_max_sbrked_mem
001297a4 00000004 B __malloc_top_pad
001297a8 0000000c b __malloc_recursive_mutex
001297b4 00000400 b temp_cwd
00129bb4 00000004 b __hndl_lock
00129bb8 00000004 B fake_heap_start
00129bbc 00000004 B fake_heap_end
00129bc0 00000004 b heap_start.0
00129bc4 B __tls_start
0012a7cc B __bss_end__
0012a7cc A __end__
0012a7cc B __tls_end
